<?xml version="1.0" encoding="UTF-8" ?>
<testsuite failures="0" time="0.154" errors="0" skipped="0" tests="5" name="com.uk.genesis.ant.ResolveGenesisObjectFileNameTest">
  <properties>
[...]
</properties>
  <testcase time="0.001" name="testThrowsBuildExceptionForMissingGenesisXml"/>
  <testcase time="0" name="testThrowsBuildExceptionForMissingType"/>
  <testcase time="0.001" name="testThrowsBuildExceptionForMissingName"/>
  <testcase time="0" name="testThrowsBuildExceptionForMissingProperty"/>
  <testcase time="0.149" name="testSetsPropertyForValidQuery"/>
</testsuite>